<?xml version='1.0' encoding='UTF-8'?>
<testsuite hostname="Jeva" name="a2.insectTest" tests="8" errors="0" failures="0" time="0.025">
                     <properties>
[...]
</properties>
                     <testcase classname="a2.insectTest" name="An Insect should be of class insect" time="0.015">
                                                 
                                               </testcase><testcase classname="a2.insectTest" name="It should change velocity on update" time="0.001">
                                                 
                                               </testcase><testcase classname="a2.insectTest" name="An Insect's velocity should not exceed abs|1|" time="0.001">
                                                 
                                               </testcase><testcase classname="a2.insectTest" name="It's position should change on update" time="0.001">
                                                 
                                               </testcase><testcase classname="a2.insectTest" name="A tick should create a new item that is different from the previous" time="0.001">
                                                 
                                               </testcase><testcase classname="a2.insectTest" name="A swarm should be created with 25 number of elements" time="0.002">
                                                 
                                               </testcase><testcase classname="a2.insectTest" name="A swarm should ,when updated, have insects in different places" time="0.002">
                                                 
                                               </testcase><testcase classname="a2.insectTest" name="A swarm should be reduced to 5 after processing for telemetry" time="0.002">
                                                 
                                               </testcase>
                     <system-out></system-out>
                     <system-err></system-err>
                   </testsuite>